<?xml version="1.0" encoding="UTF-8"?>
<!-- Generated by org.testng.reporters.JUnitReportReporter -->
<testsuite skipped="0" hostname="DESKTOP-1LNK8I8" name="com.canvasStudio.TestClass" tests="1" failures="0" timestamp="2021-03-22T18:44:26 IST" time="34.204" errors="0">
  <testcase name="automate" time="34.204" classname="com.canvasStudio.TestClass"/>
  <system-out/>
</testsuite> <!-- com.canvasStudio.TestClass -->
